2025-03-20 01:19:55 - INFO - 啟動 OKX 沙盒實盤模擬交易程序
2025-03-20 01:19:55 - INFO - 行情或下單錯誤：string indices must be integers, not 'str'
2025-03-20 01:19:56 - INFO - 行情或下單錯誤：string indices must be integers, not 'str'
2025-03-20 01:19:57 - INFO - 行情或下單錯誤：string indices must be integers, not 'str'
2025-03-20 01:19:58 - INFO - 行情或下單錯誤：string indices must be integers, not 'str'
2025-03-20 01:19:59 - INFO - 行情或下單錯誤：string indices must be integers, not 'str'
2025-03-20 01:20:00 - INFO - 行情或下單錯誤：string indices must be integers, not 'str'
2025-03-20 01:20:01 - INFO - 行情或下單錯誤：string indices must be integers, not 'str'
2025-03-20 01:20:02 - INFO - 行情或下單錯誤：string indices must be integers, not 'str'
2025-03-20 01:20:03 - INFO - 行情或下單錯誤：string indices must be integers, not 'str'
2025-03-20 01:20:29 - INFO - 啟動 OKX 沙盒實盤模擬交易程序
2025-03-20 01:20:29 - INFO - 行情或下單錯誤：string indices must be integers, not 'str'
2025-03-20 01:20:30 - INFO - 行情或下單錯誤：string indices must be integers, not 'str'
2025-03-20 01:20:31 - INFO - 行情或下單錯誤：string indices must be integers, not 'str'
2025-03-20 01:20:41 - INFO - 啟動 OKX 沙盒實盤模擬交易程序
2025-03-20 01:20:41 - INFO - 行情或下單錯誤：string indices must be integers, not 'str'
2025-03-20 01:20:42 - INFO - 行情或下單錯誤：string indices must be integers, not 'str'
2025-03-20 01:29:05 - INFO - 取得帳戶資訊失敗：okx {"msg":"APIKey does not match current environment.","code":"50101"}
2025-03-20 01:29:05 - INFO - 啟動 OKX 沙盒實盤模擬交易程序
2025-03-20 01:29:06 - INFO - 行情或下單錯誤：string indices must be integers, not 'str'
2025-03-20 01:29:07 - INFO - 行情或下單錯誤：string indices must be integers, not 'str'
2025-03-20 01:29:08 - INFO - 行情或下單錯誤：string indices must be integers, not 'str'
2025-03-20 01:38:27 - INFO - 取得帳戶資訊失敗：okx {"msg":"APIKey does not match current environment.","code":"50101"}
2025-03-20 01:38:27 - INFO - 啟動 OKX 沙盒實盤模擬交易程序
2025-03-20 01:38:27 - INFO - 行情或下單錯誤：string indices must be integers, not 'str'
2025-03-20 01:38:28 - INFO - 行情或下單錯誤：string indices must be integers, not 'str'
2025-03-20 01:38:29 - INFO - 行情或下單錯誤：string indices must be integers, not 'str'
2025-03-20 01:38:30 - INFO - 行情或下單錯誤：string indices must be integers, not 'str'
2025-03-20 01:59:21 - INFO - API 帳戶資訊：USDT 總資產 = 4746.9543
2025-03-20 01:59:21 - INFO - 啟動 OKX 沙盒實盤模擬交易程序
2025-03-20 01:59:21 - INFO - 行情或下單錯誤：string indices must be integers, not 'str'
2025-03-20 01:59:22 - INFO - 行情或下單錯誤：string indices must be integers, not 'str'
2025-03-20 01:59:23 - INFO - 行情或下單錯誤：string indices must be integers, not 'str'
2025-03-20 01:59:24 - INFO - 行情或下單錯誤：string indices must be integers, not 'str'
2025-03-20 01:59:25 - INFO - 行情或下單錯誤：string indices must be integers, not 'str'
2025-03-20 02:00:54 - INFO - API 帳戶資訊：USDT 總資產 = 4746.9543
2025-03-20 02:00:54 - INFO - API 帳戶資訊：BTC 總資產 = 1.002997
2025-03-20 02:00:54 - INFO - API 帳戶資訊：OKX 總資產 = None
2025-03-20 02:00:54 - INFO - 啟動 OKX 沙盒實盤模擬交易程序
2025-03-20 02:00:54 - INFO - 行情或下單錯誤：string indices must be integers, not 'str'
2025-03-20 02:00:55 - INFO - 行情或下單錯誤：string indices must be integers, not 'str'
2025-03-20 02:00:56 - INFO - 行情或下單錯誤：string indices must be integers, not 'str'
2025-03-20 02:05:46 - INFO - API 帳戶資訊：USDT 總資產 = 4746.9543
2025-03-20 02:05:46 - INFO - API 帳戶資訊：BTC 總資產 = 1.002997
2025-03-20 02:05:46 - INFO - API 帳戶資訊：OKX 總資產 = None
2025-03-20 02:05:46 - INFO - 啟動 OKX 沙盒實盤模擬交易程序
2025-03-20 02:06:14 - INFO - 行情或下單錯誤：string indices must be integers, not 'str'
2025-03-20 02:06:27 - INFO - 行情或下單錯誤：string indices must be integers, not 'str'
2025-03-20 02:11:29 - INFO - API 帳戶資訊：USDT 總資產 = 4746.9543
2025-03-20 02:11:29 - INFO - API 帳戶資訊：BTC 總資產 = 1.002997
2025-03-20 02:11:29 - INFO - API 帳戶資訊：OKX 總資產 = None
2025-03-20 02:11:29 - INFO - 啟動 OKX 沙盒實盤模擬交易程序
2025-03-20 02:11:29 - INFO - 行情或下單錯誤：string indices must be integers, not 'str'
2025-03-20 02:11:30 - INFO - 行情或下單錯誤：string indices must be integers, not 'str'
2025-03-20 02:11:31 - INFO - 行情或下單錯誤：string indices must be integers, not 'str'
2025-03-20 02:12:37 - INFO - API 帳戶資訊：USDT 總資產 = 4746.9543
2025-03-20 02:12:37 - INFO - API 帳戶資訊：BTC 總資產 = 1.002997
2025-03-20 02:12:37 - INFO - API 帳戶資訊：OKX 總資產 = None
2025-03-20 02:12:37 - INFO - 啟動 OKX 沙盒實盤模擬交易程序
2025-03-20 02:12:37 - INFO - 行情或下單錯誤：string indices must be integers, not 'str'
2025-03-20 02:12:38 - INFO - 行情或下單錯誤：string indices must be integers, not 'str'
2025-03-20 02:12:39 - INFO - 行情或下單錯誤：string indices must be integers, not 'str'
2025-03-20 02:19:41 - INFO - API 帳戶資訊：USDT 總資產 = 4746.9543
2025-03-20 02:19:41 - INFO - 啟動 OKX 沙盒實盤模擬交易程序
2025-03-20 02:19:41 - INFO - 行情或下單錯誤：string indices must be integers, not 'str'
2025-03-20 02:19:42 - INFO - 行情或下單錯誤：string indices must be integers, not 'str'
2025-03-20 02:19:43 - INFO - 行情或下單錯誤：string indices must be integers, not 'str'
2025-03-20 02:19:44 - INFO - 行情或下單錯誤：string indices must be integers, not 'str'
2025-03-20 02:19:45 - INFO - 行情或下單錯誤：string indices must be integers, not 'str'
2025-03-20 02:19:46 - INFO - 行情或下單錯誤：string indices must be integers, not 'str'
2025-03-20 02:20:43 - INFO - API 帳戶資訊：USDT 總資產 = 4746.9543
2025-03-20 02:20:43 - INFO - 啟動 OKX 沙盒實盤模擬交易程序
2025-03-20 02:20:43 - INFO - 接收到行情：2025-03-19 18:20:46, 市價: 84400.7
2025-03-20 02:20:43 - INFO - 無明確交易訊號
2025-03-20 02:20:44 - INFO - 接收到行情：2025-03-19 18:20:47, 市價: 84413.0
2025-03-20 02:20:44 - INFO - 無明確交易訊號
2025-03-20 02:20:45 - INFO - 接收到行情：2025-03-19 18:20:49, 市價: 84413.5
2025-03-20 02:20:45 - INFO - 無明確交易訊號
2025-03-20 02:20:46 - INFO - 接收到行情：2025-03-19 18:20:49, 市價: 84413.5
2025-03-20 02:20:46 - INFO - 無明確交易訊號
2025-03-20 02:20:48 - INFO - 接收到行情：2025-03-19 18:20:51, 市價: 84400.5
2025-03-20 02:20:48 - INFO - 無明確交易訊號
2025-03-20 02:20:58 - INFO - API 帳戶資訊：USDT 總資產 = 4746.9543
2025-03-20 02:20:58 - INFO - 啟動 OKX 沙盒實盤模擬交易程序
2025-03-20 02:20:58 - INFO - 行情或下單錯誤：string indices must be integers, not 'str'
2025-03-20 02:20:59 - INFO - 行情或下單錯誤：string indices must be integers, not 'str'
2025-03-20 02:21:00 - INFO - 行情或下單錯誤：string indices must be integers, not 'str'
2025-03-20 02:21:01 - INFO - 行情或下單錯誤：string indices must be integers, not 'str'
2025-03-20 02:21:23 - INFO - API 帳戶資訊：USDT 總資產 = 4746.9543
2025-03-20 02:21:23 - INFO - API 帳戶資訊：BTC 總資產 = 1.002997
2025-03-20 02:21:23 - INFO - API 帳戶資訊：OKX 總資產 = None
2025-03-20 02:21:23 - INFO - 啟動 OKX 沙盒實盤模擬交易程序
2025-03-20 02:21:23 - INFO - 接收到行情：2025-03-19 18:20:00, Open: 84526.70, High: 84526.70, Low: 84266.60, Close: 84299.30, Volume: 64.45721909
2025-03-20 02:21:23 - INFO - 無明確交易訊號
2025-03-20 02:21:24 - INFO - 接收到行情：2025-03-19 18:20:00, Open: 84526.70, High: 84526.70, Low: 84266.60, Close: 84301.90, Volume: 66.59098661
2025-03-20 02:21:24 - INFO - 無明確交易訊號
2025-03-20 02:21:25 - INFO - 接收到行情：2025-03-19 18:20:00, Open: 84526.70, High: 84526.70, Low: 84266.60, Close: 84268.00, Volume: 66.89567174
2025-03-20 02:21:25 - INFO - 無明確交易訊號
2025-03-20 02:21:26 - INFO - 接收到行情：2025-03-19 18:20:00, Open: 84526.70, High: 84526.70, Low: 84266.60, Close: 84272.00, Volume: 67.17481452
2025-03-20 02:21:26 - INFO - 無明確交易訊號
2025-03-20 02:21:27 - INFO - 接收到行情：2025-03-19 18:20:00, Open: 84526.70, High: 84526.70, Low: 84266.60, Close: 84274.00, Volume: 68.95701328
2025-03-20 02:21:27 - INFO - 無明確交易訊號
2025-03-20 02:21:28 - INFO - 接收到行情：2025-03-19 18:20:00, Open: 84526.70, High: 84526.70, Low: 84266.60, Close: 84273.80, Volume: 67.44728171
2025-03-20 02:21:28 - INFO - 無明確交易訊號
2025-03-20 02:21:29 - INFO - 接收到行情：2025-03-19 18:20:00, Open: 84526.70, High: 84526.70, Low: 84266.60, Close: 84274.00, Volume: 68.95701328
2025-03-20 02:21:29 - INFO - 無明確交易訊號
2025-03-20 02:21:30 - INFO - 接收到行情：2025-03-19 18:20:00, Open: 84526.70, High: 84526.70, Low: 84266.60, Close: 84273.90, Volume: 71.16195472
2025-03-20 02:21:30 - INFO - 無明確交易訊號
2025-03-20 02:21:31 - INFO - 接收到行情：2025-03-19 18:20:00, Open: 84526.70, High: 84526.70, Low: 84266.60, Close: 84275.60, Volume: 69.07563354
2025-03-20 02:21:31 - INFO - 無明確交易訊號
2025-03-20 02:21:33 - INFO - 接收到行情：2025-03-19 18:20:00, Open: 84526.70, High: 84526.70, Low: 84250.10, Close: 84256.40, Volume: 73.56531835
2025-03-20 02:21:33 - INFO - 無明確交易訊號
2025-03-20 02:23:44 - INFO - API 帳戶資訊：USDT 總資產 = 4746.9543
2025-03-20 02:23:44 - INFO - API 帳戶資訊：BTC 總資產 = 1.002997
2025-03-20 02:23:44 - INFO - API 帳戶資訊：OKX 總資產 = None
2025-03-20 02:23:44 - INFO - 啟動 OKX 沙盒實盤模擬交易程序
2025-03-20 02:23:44 - INFO - 接收到行情：2025-03-19 18:23:00, Open: 84532.80, High: 84532.80, Low: 84390.10, Close: 84408.80, Volume: 27.22581728
2025-03-20 02:23:44 - INFO - 無明確交易訊號
2025-03-20 02:23:45 - INFO - 接收到行情：2025-03-19 18:23:00, Open: 84532.80, High: 84532.80, Low: 84390.10, Close: 84396.10, Volume: 27.22613838
2025-03-20 02:23:45 - INFO - 無明確交易訊號
2025-03-20 02:23:46 - INFO - 接收到行情：2025-03-19 18:23:00, Open: 84532.80, High: 84532.80, Low: 84390.10, Close: 84396.10, Volume: 27.22613838
2025-03-20 02:23:46 - INFO - 無明確交易訊號
2025-03-20 02:23:47 - INFO - 接收到行情：2025-03-19 18:23:00, Open: 84532.80, High: 84532.80, Low: 84390.10, Close: 84396.10, Volume: 27.22613838
2025-03-20 02:23:47 - INFO - 無明確交易訊號
2025-03-20 02:23:48 - INFO - 接收到行情：2025-03-19 18:23:00, Open: 84532.80, High: 84532.80, Low: 84390.10, Close: 84396.10, Volume: 27.22613838
2025-03-20 02:23:48 - INFO - 無明確交易訊號
2025-03-20 02:23:49 - INFO - 接收到行情：2025-03-19 18:23:00, Open: 84532.80, High: 84532.80, Low: 84376.00, Close: 84376.00, Volume: 27.6558269
2025-03-20 02:23:49 - INFO - 無明確交易訊號
2025-03-20 02:23:50 - INFO - 接收到行情：2025-03-19 18:23:00, Open: 84532.80, High: 84532.80, Low: 84376.00, Close: 84379.90, Volume: 28.57577207
2025-03-20 02:23:50 - INFO - 無明確交易訊號
2025-03-20 02:23:51 - INFO - 接收到行情：2025-03-19 18:23:00, Open: 84532.80, High: 84532.80, Low: 84376.00, Close: 84390.50, Volume: 29.54045303
2025-03-20 02:23:51 - INFO - 無明確交易訊號
2025-03-20 02:23:52 - INFO - 接收到行情：2025-03-19 18:23:00, Open: 84532.80, High: 84532.80, Low: 84376.00, Close: 84390.50, Volume: 29.54045303
2025-03-20 02:23:52 - INFO - 無明確交易訊號
2025-03-20 02:23:53 - INFO - 接收到行情：2025-03-19 18:23:00, Open: 84532.80, High: 84532.80, Low: 84376.00, Close: 84420.00, Volume: 31.42767354
2025-03-20 02:23:53 - INFO - 無明確交易訊號
2025-03-20 02:23:54 - INFO - 接收到行情：2025-03-19 18:23:00, Open: 84532.80, High: 84532.80, Low: 84376.00, Close: 84420.00, Volume: 31.42767354
2025-03-20 02:23:54 - INFO - 無明確交易訊號
2025-03-20 02:23:56 - INFO - 接收到行情：2025-03-19 18:23:00, Open: 84532.80, High: 84532.80, Low: 84376.00, Close: 84432.00, Volume: 32.0243943
2025-03-20 02:23:56 - INFO - 無明確交易訊號
2025-03-20 02:23:57 - INFO - 接收到行情：2025-03-19 18:24:00, Open: 84426.00, High: 84426.00, Low: 84426.00, Close: 84426.00, Volume: 0.0
2025-03-20 02:23:57 - INFO - 無明確交易訊號
2025-03-20 02:23:58 - INFO - 接收到行情：2025-03-19 18:24:00, Open: 84426.00, High: 84426.00, Low: 84426.00, Close: 84426.00, Volume: 0.0
2025-03-20 02:23:58 - INFO - 無明確交易訊號
2025-03-20 02:23:59 - INFO - 接收到行情：2025-03-19 18:24:00, Open: 84426.00, High: 84426.00, Low: 84426.00, Close: 84426.00, Volume: 0.0
2025-03-20 02:23:59 - INFO - 無明確交易訊號
2025-03-20 02:24:00 - INFO - 接收到行情：2025-03-19 18:24:00, Open: 84408.00, High: 84408.00, Low: 84408.00, Close: 84408.00, Volume: 1.10115551
2025-03-20 02:24:00 - INFO - 無明確交易訊號
2025-03-20 02:24:01 - INFO - 接收到行情：2025-03-19 18:24:00, Open: 84408.00, High: 84418.00, Low: 84406.00, Close: 84410.20, Volume: 1.80649976
2025-03-20 02:24:01 - INFO - 無明確交易訊號
2025-03-20 02:24:02 - INFO - 接收到行情：2025-03-19 18:24:00, Open: 84408.00, High: 84418.00, Low: 84406.00, Close: 84410.20, Volume: 1.80649976
2025-03-20 02:24:02 - INFO - 無明確交易訊號
2025-03-20 02:24:03 - INFO - 接收到行情：2025-03-19 18:24:00, Open: 84408.00, High: 84418.00, Low: 84393.90, Close: 84393.90, Volume: 2.69372935
2025-03-20 02:24:03 - INFO - 無明確交易訊號
2025-03-20 02:24:04 - INFO - 接收到行情：2025-03-19 18:24:00, Open: 84408.00, High: 84418.00, Low: 84393.90, Close: 84393.90, Volume: 2.69372935
2025-03-20 02:24:04 - INFO - 無持倉，無法賣出
2025-03-20 02:24:05 - INFO - 接收到行情：2025-03-19 18:24:00, Open: 84408.00, High: 84418.00, Low: 84382.70, Close: 84389.90, Volume: 3.42108384
2025-03-20 02:24:05 - INFO - 無明確交易訊號
2025-03-20 02:24:06 - INFO - 接收到行情：2025-03-19 18:24:00, Open: 84408.00, High: 84418.00, Low: 84382.70, Close: 84389.90, Volume: 3.42108384
2025-03-20 02:24:06 - INFO - 無明確交易訊號
2025-03-20 02:24:07 - INFO - 接收到行情：2025-03-19 18:24:00, Open: 84408.00, High: 84418.00, Low: 84382.70, Close: 84389.90, Volume: 4.97624976
2025-03-20 02:24:07 - INFO - 無明確交易訊號
2025-03-20 02:24:08 - INFO - 接收到行情：2025-03-19 18:24:00, Open: 84408.00, High: 84418.00, Low: 84382.70, Close: 84390.00, Volume: 5.9836196
2025-03-20 02:24:08 - INFO - 無明確交易訊號
2025-03-20 02:24:09 - INFO - 接收到行情：2025-03-19 18:24:00, Open: 84408.00, High: 84418.00, Low: 84382.70, Close: 84390.00, Volume: 5.9836196
2025-03-20 02:24:09 - INFO - 無明確交易訊號
2025-03-20 02:24:10 - INFO - 接收到行情：2025-03-19 18:24:00, Open: 84408.00, High: 84418.00, Low: 84382.70, Close: 84390.00, Volume: 5.9836196
2025-03-20 02:24:10 - INFO - 無明確交易訊號
2025-03-20 02:24:11 - INFO - 接收到行情：2025-03-19 18:24:00, Open: 84408.00, High: 84428.40, Low: 84382.70, Close: 84422.70, Volume: 6.50880188
2025-03-20 02:24:11 - INFO - 無明確交易訊號
2025-03-20 02:24:12 - INFO - 接收到行情：2025-03-19 18:24:00, Open: 84408.00, High: 84431.40, Low: 84382.70, Close: 84430.10, Volume: 7.05700472
2025-03-20 02:24:12 - INFO - 無明確交易訊號
2025-03-20 02:24:13 - INFO - 接收到行情：2025-03-19 18:24:00, Open: 84408.00, High: 84431.80, Low: 84382.70, Close: 84430.00, Volume: 8.05710539
2025-03-20 02:24:13 - INFO - 核心策略發出買入訊號
2025-03-20 02:24:14 - INFO - 買入訂單下單結果: {'info': {'clOrdId': 'e847386590ce4dBC4e648940da188aa4', 'ordId': '2345664790663069696', 'sCode': '0', 'sMsg': 'Order placed', 'tag': 'e847386590ce4dBC', 'ts': '1742408658304'}, 'id': '2345664790663069696', 'clientOrderId': 'e847386590ce4dBC4e648940da188aa4', 'timestamp': None, 'datetime': None, 'lastTradeTimestamp': None, 'lastUpdateTimestamp': None, 'symbol': 'BTC/USDT', 'type': 'market', 'timeInForce': None, 'postOnly': None, 'side': 'buy', 'price': None, 'stopLossPrice': None, 'takeProfitPrice': None, 'triggerPrice': None, 'average': None, 'cost': None, 'amount': None, 'filled': None, 'remaining': None, 'status': None, 'fee': None, 'trades': [], 'reduceOnly': False, 'fees': [], 'stopPrice': None}
2025-03-20 02:24:15 - INFO - 接收到行情：2025-03-19 18:24:00, Open: 84408.00, High: 84431.40, Low: 84382.70, Close: 84430.10, Volume: 7.05700472
2025-03-20 02:24:15 - INFO - 無明確交易訊號
2025-03-20 02:24:16 - INFO - 接收到行情：2025-03-19 18:24:00, Open: 84408.00, High: 84441.90, Low: 84382.70, Close: 84441.90, Volume: 8.0664756
2025-03-20 02:24:16 - INFO - 無明確交易訊號
2025-03-20 02:24:17 - INFO - 接收到行情：2025-03-19 18:24:00, Open: 84408.00, High: 84441.90, Low: 84382.70, Close: 84441.80, Volume: 9.53374864
2025-03-20 02:24:17 - INFO - 無明確交易訊號
2025-03-20 02:24:18 - INFO - 接收到行情：2025-03-19 18:24:00, Open: 84408.00, High: 84441.90, Low: 84382.70, Close: 84441.80, Volume: 9.53374864
2025-03-20 02:24:18 - INFO - 無明確交易訊號
2025-03-20 02:24:19 - INFO - 接收到行情：2025-03-19 18:24:00, Open: 84408.00, High: 84441.90, Low: 84382.70, Close: 84441.80, Volume: 9.53374864
2025-03-20 02:24:19 - INFO - 無明確交易訊號
2025-03-20 02:24:20 - INFO - 接收到行情：2025-03-19 18:24:00, Open: 84408.00, High: 84441.90, Low: 84382.70, Close: 84440.10, Volume: 10.64330111
2025-03-20 02:24:20 - INFO - 無明確交易訊號
2025-03-20 02:24:21 - INFO - 接收到行情：2025-03-19 18:24:00, Open: 84408.00, High: 84441.90, Low: 84382.70, Close: 84440.10, Volume: 10.64330111
2025-03-20 02:24:21 - INFO - 無明確交易訊號
2025-03-20 02:24:22 - INFO - 接收到行情：2025-03-19 18:24:00, Open: 84408.00, High: 84444.40, Low: 84382.70, Close: 84444.40, Volume: 11.54888291
2025-03-20 02:24:22 - INFO - 無明確交易訊號
2025-03-20 02:24:23 - INFO - 接收到行情：2025-03-19 18:24:00, Open: 84408.00, High: 84444.40, Low: 84382.70, Close: 84444.40, Volume: 11.54888291
2025-03-20 02:24:23 - INFO - 無明確交易訊號
2025-03-20 02:24:24 - INFO - 接收到行情：2025-03-19 18:24:00, Open: 84408.00, High: 84480.00, Low: 84382.70, Close: 84480.00, Volume: 11.55435908
2025-03-20 02:24:24 - INFO - 無明確交易訊號
2025-03-20 02:24:25 - INFO - 接收到行情：2025-03-19 18:24:00, Open: 84408.00, High: 84480.00, Low: 84382.70, Close: 84480.00, Volume: 11.55435908
2025-03-20 02:24:25 - INFO - 無明確交易訊號
2025-03-20 02:24:26 - INFO - 接收到行情：2025-03-19 18:24:00, Open: 84408.00, High: 84480.00, Low: 84382.70, Close: 84480.00, Volume: 11.55435908
2025-03-20 02:24:26 - INFO - 無明確交易訊號
2025-03-20 02:24:27 - INFO - 接收到行情：2025-03-19 18:24:00, Open: 84408.00, High: 84480.00, Low: 84382.70, Close: 84480.00, Volume: 11.55435908
2025-03-20 02:24:27 - INFO - 無明確交易訊號
2025-03-20 02:24:28 - INFO - 接收到行情：2025-03-19 18:24:00, Open: 84408.00, High: 84512.70, Low: 84382.70, Close: 84512.70, Volume: 11.55495495
2025-03-20 02:24:28 - INFO - 無明確交易訊號
2025-03-20 02:24:29 - INFO - 接收到行情：2025-03-19 18:24:00, Open: 84408.00, High: 84512.70, Low: 84382.70, Close: 84512.70, Volume: 11.55495495
2025-03-20 02:24:29 - INFO - 無明確交易訊號
2025-03-20 02:24:30 - INFO - 接收到行情：2025-03-19 18:24:00, Open: 84408.00, High: 84512.70, Low: 84382.70, Close: 84512.70, Volume: 12.00395363
2025-03-20 02:24:30 - INFO - 無明確交易訊號
2025-03-20 02:24:31 - INFO - 接收到行情：2025-03-19 18:24:00, Open: 84408.00, High: 84512.70, Low: 84382.70, Close: 84512.70, Volume: 12.00395363
2025-03-20 02:24:31 - INFO - 無明確交易訊號
2025-03-20 02:24:33 - INFO - 接收到行情：2025-03-19 18:24:00, Open: 84408.00, High: 84512.70, Low: 84382.70, Close: 84512.70, Volume: 12.00395363
2025-03-20 02:24:33 - INFO - 無明確交易訊號
2025-03-20 02:24:34 - INFO - 接收到行情：2025-03-19 18:24:00, Open: 84408.00, High: 84512.70, Low: 84382.70, Close: 84512.70, Volume: 12.00395363
2025-03-20 02:24:34 - INFO - 無明確交易訊號
2025-03-20 02:24:35 - INFO - 接收到行情：2025-03-19 18:24:00, Open: 84408.00, High: 84512.70, Low: 84382.70, Close: 84512.70, Volume: 12.00395363
2025-03-20 02:24:35 - INFO - 無明確交易訊號
2025-03-20 02:24:36 - INFO - 接收到行情：2025-03-19 18:24:00, Open: 84408.00, High: 84512.70, Low: 84382.70, Close: 84512.70, Volume: 12.00395363
2025-03-20 02:24:36 - INFO - 無明確交易訊號
2025-03-20 02:24:37 - INFO - 接收到行情：2025-03-19 18:24:00, Open: 84408.00, High: 84512.70, Low: 84382.70, Close: 84500.00, Volume: 14.15602221
2025-03-20 02:24:37 - INFO - 無明確交易訊號
2025-03-20 02:24:38 - INFO - 接收到行情：2025-03-19 18:24:00, Open: 84408.00, High: 84512.70, Low: 84382.70, Close: 84500.00, Volume: 14.15602221
2025-03-20 02:24:38 - INFO - 無明確交易訊號
2025-03-20 02:24:39 - INFO - 接收到行情：2025-03-19 18:24:00, Open: 84408.00, High: 84512.70, Low: 84382.70, Close: 84500.00, Volume: 14.15602221
2025-03-20 02:24:39 - INFO - 無明確交易訊號
2025-03-20 02:24:40 - INFO - 接收到行情：2025-03-19 18:24:00, Open: 84408.00, High: 84512.70, Low: 84382.70, Close: 84500.00, Volume: 14.15602221
2025-03-20 02:24:40 - INFO - 無明確交易訊號
2025-03-20 02:24:41 - INFO - 接收到行情：2025-03-19 18:24:00, Open: 84408.00, High: 84512.70, Low: 84382.70, Close: 84500.00, Volume: 14.15602221
2025-03-20 02:24:41 - INFO - 無明確交易訊號
2025-03-20 02:24:42 - INFO - 接收到行情：2025-03-19 18:24:00, Open: 84408.00, High: 84512.70, Low: 84382.70, Close: 84500.00, Volume: 14.15602221
2025-03-20 02:24:42 - INFO - 無明確交易訊號
2025-03-20 02:24:43 - INFO - 接收到行情：2025-03-19 18:24:00, Open: 84408.00, High: 84512.70, Low: 84382.70, Close: 84481.80, Volume: 15.09625295
2025-03-20 02:24:43 - INFO - 核心策略發出賣出訊號
2025-03-20 02:24:43 - INFO - 賣出訂單下單結果: {'info': {'clOrdId': 'e847386590ce4dBC3a86b0a9148edac2', 'ordId': '2345665784813780992', 'sCode': '0', 'sMsg': 'Order placed', 'tag': 'e847386590ce4dBC', 'ts': '1742408687932'}, 'id': '2345665784813780992', 'clientOrderId': 'e847386590ce4dBC3a86b0a9148edac2', 'timestamp': None, 'datetime': None, 'lastTradeTimestamp': None, 'lastUpdateTimestamp': None, 'symbol': 'BTC/USDT', 'type': 'market', 'timeInForce': None, 'postOnly': None, 'side': 'sell', 'price': None, 'stopLossPrice': None, 'takeProfitPrice': None, 'triggerPrice': None, 'average': None, 'cost': None, 'amount': None, 'filled': None, 'remaining': None, 'status': None, 'fee': None, 'trades': [], 'reduceOnly': False, 'fees': [], 'stopPrice': None}
2025-03-20 02:24:44 - INFO - 接收到行情：2025-03-19 18:24:00, Open: 84408.00, High: 84512.70, Low: 84382.70, Close: 84477.90, Volume: 16.43465638
2025-03-20 02:24:44 - INFO - 無明確交易訊號
2025-03-20 02:24:45 - INFO - 接收到行情：2025-03-19 18:24:00, Open: 84408.00, High: 84512.70, Low: 84382.70, Close: 84461.70, Volume: 16.43820961
2025-03-20 02:24:45 - INFO - 無明確交易訊號
2025-03-20 02:24:46 - INFO - 接收到行情：2025-03-19 18:24:00, Open: 84408.00, High: 84512.70, Low: 84382.70, Close: 84461.70, Volume: 16.43820961
2025-03-20 02:24:46 - INFO - 無明確交易訊號
2025-03-20 02:24:47 - INFO - 接收到行情：2025-03-19 18:24:00, Open: 84408.00, High: 84512.70, Low: 84382.70, Close: 84461.70, Volume: 16.43820961
2025-03-20 02:24:47 - INFO - 無明確交易訊號
2025-03-20 02:24:48 - INFO - 接收到行情：2025-03-19 18:24:00, Open: 84408.00, High: 84512.70, Low: 84382.70, Close: 84435.00, Volume: 17.58636615
2025-03-20 02:24:48 - INFO - 無明確交易訊號
2025-03-20 02:24:49 - INFO - 接收到行情：2025-03-19 18:24:00, Open: 84408.00, High: 84512.70, Low: 84382.70, Close: 84400.10, Volume: 17.58773415
2025-03-20 02:24:49 - INFO - 無明確交易訊號
2025-03-20 02:24:51 - INFO - 接收到行情：2025-03-19 18:24:00, Open: 84408.00, High: 84512.70, Low: 84382.70, Close: 84400.10, Volume: 17.58773415
2025-03-20 02:24:51 - INFO - 無明確交易訊號
2025-03-20 02:24:52 - INFO - 接收到行情：2025-03-19 18:24:00, Open: 84408.00, High: 84512.70, Low: 84382.70, Close: 84395.00, Volume: 17.5930952
2025-03-20 02:24:52 - INFO - 無明確交易訊號
2025-03-20 02:24:53 - INFO - 接收到行情：2025-03-19 18:24:00, Open: 84408.00, High: 84512.70, Low: 84382.70, Close: 84406.10, Volume: 19.95321491
2025-03-20 02:24:53 - INFO - 無明確交易訊號
2025-03-20 02:24:54 - INFO - 接收到行情：2025-03-19 18:24:00, Open: 84408.00, High: 84512.70, Low: 84382.70, Close: 84406.10, Volume: 19.95321491
2025-03-20 02:24:54 - INFO - 無明確交易訊號
2025-03-20 02:24:55 - INFO - 接收到行情：2025-03-19 18:24:00, Open: 84408.00, High: 84512.70, Low: 84382.70, Close: 84406.10, Volume: 19.95321491
2025-03-20 02:24:55 - INFO - 無明確交易訊號
2025-03-20 02:24:56 - INFO - 接收到行情：2025-03-19 18:24:00, Open: 84408.00, High: 84512.70, Low: 84382.70, Close: 84410.10, Volume: 20.9872316
2025-03-20 02:24:56 - INFO - 無明確交易訊號
2025-03-20 02:24:57 - INFO - 接收到行情：2025-03-19 18:25:00, Open: 84410.10, High: 84410.10, Low: 84410.10, Close: 84410.10, Volume: 0.0
2025-03-20 02:24:57 - INFO - 無明確交易訊號
2025-03-20 02:24:58 - INFO - 接收到行情：2025-03-19 18:25:00, Open: 84378.10, High: 84384.40, Low: 84378.10, Close: 84384.40, Volume: 1.40878723
2025-03-20 02:24:58 - INFO - 無明確交易訊號
